0 info it worked if it ends with ok
1 verbose cli [ '/usr/bin/node', '/usr/bin/npm', 'install' ]
2 info using npm@3.10.5
3 info using node@v4.4.7
4 silly loadCurrentTree Starting
5 silly install loadCurrentTree
6 silly install readLocalPackageData
7 silly install normalizeTree
8 silly loadCurrentTree Finishing
9 silly loadIdealTree Starting
10 silly install loadIdealTree
11 silly cloneCurrentTree Starting
12 silly install cloneCurrentTreeToIdealTree
13 silly cloneCurrentTree Finishing
14 silly loadShrinkwrap Starting
15 silly install loadShrinkwrap
16 silly loadShrinkwrap Finishing
17 silly loadAllDepsIntoIdealTree Starting
18 silly install loadAllDepsIntoIdealTree
19 silly fetchNamedPackageData fsevents
20 silly mapToRegistry name fsevents
21 silly mapToRegistry using default registry
22 silly mapToRegistry registry https://registry.npmjs.org/
23 silly mapToRegistry data Result {
23 silly mapToRegistry   raw: 'fsevents',
23 silly mapToRegistry   scope: null,
23 silly mapToRegistry   escapedName: 'fsevents',
23 silly mapToRegistry   name: 'fsevents',
23 silly mapToRegistry   rawSpec: '',
23 silly mapToRegistry   spec: 'latest',
23 silly mapToRegistry   type: 'tag' }
24 silly mapToRegistry uri https://registry.npmjs.org/fsevents
25 verbose request uri https://registry.npmjs.org/fsevents
26 verbose request no auth needed
27 info attempt registry request try #1 at 10:47:12 PM
28 verbose request id 92060b44ac49f034
29 verbose etag "1IUUBBNAFSLRNOMEHDGNJ1LTJ"
30 http request GET https://registry.npmjs.org/fsevents
31 http 304 https://registry.npmjs.org/fsevents
32 verbose headers { date: 'Sun, 31 Jul 2016 14:47:13 GMT',
32 verbose headers   via: '1.1 varnish',
32 verbose headers   'cache-control': 'max-age=300',
32 verbose headers   etag: '"1IUUBBNAFSLRNOMEHDGNJ1LTJ"',
32 verbose headers   age: '107',
32 verbose headers   connection: 'keep-alive',
32 verbose headers   'x-served-by': 'cache-hkg6822-HKG',
32 verbose headers   'x-cache': 'HIT',
32 verbose headers   'x-cache-hits': '4',
32 verbose headers   'x-timer': 'S1469976433.071609,VS0,VE0',
32 verbose headers   vary: 'Accept-Encoding' }
33 silly get cb [ 304,
33 silly get   { date: 'Sun, 31 Jul 2016 14:47:13 GMT',
33 silly get     via: '1.1 varnish',
33 silly get     'cache-control': 'max-age=300',
33 silly get     etag: '"1IUUBBNAFSLRNOMEHDGNJ1LTJ"',
33 silly get     age: '107',
33 silly get     connection: 'keep-alive',
33 silly get     'x-served-by': 'cache-hkg6822-HKG',
33 silly get     'x-cache': 'HIT',
33 silly get     'x-cache-hits': '4',
33 silly get     'x-timer': 'S1469976433.071609,VS0,VE0',
33 silly get     vary: 'Accept-Encoding' } ]
34 verbose etag https://registry.npmjs.org/fsevents from cache
35 verbose get saving fsevents to /home/blee/.npm/registry.npmjs.org/fsevents/.cache.json
36 verbose correctMkdir /home/blee/.npm correctMkdir not in flight; initializing
37 silly resolveWithNewModule fsevents@1.0.14 checking installable status
38 silly loadAllDepsIntoIdealTree Finishing
39 silly loadIdealTree Finishing
40 silly currentTree Perdoco@
40 silly currentTree ├── abbrev@1.0.9
40 silly currentTree ├── accepts@1.3.3
40 silly currentTree ├── acorn@3.3.0
40 silly currentTree ├── after@0.8.1
40 silly currentTree ├── align-text@0.1.4
40 silly currentTree ├── alphanum-sort@1.0.2
40 silly currentTree ├── amdefine@1.0.0
40 silly currentTree ├── ansi-regex@2.0.0
40 silly currentTree ├── ansi-styles@2.2.1
40 silly currentTree ├── anymatch@1.3.0
40 silly currentTree ├── aproba@1.0.4
40 silly currentTree ├── are-we-there-yet@1.1.2
40 silly currentTree ├── argparse@1.0.7
40 silly currentTree ├── arr-diff@2.0.0
40 silly currentTree ├── arr-flatten@1.0.1
40 silly currentTree ├── array-find-index@1.0.1
40 silly currentTree ├── array-flatten@1.1.1
40 silly currentTree ├── array-index@1.0.0
40 silly currentTree ├── array-unique@0.2.1
40 silly currentTree ├── arraybuffer.slice@0.0.6
40 silly currentTree ├── arrify@1.0.1
40 silly currentTree ├── asap@2.0.4
40 silly currentTree ├── asn1@0.2.3
40 silly currentTree ├── assert-plus@0.2.0
40 silly currentTree ├── assert@1.4.1
40 silly currentTree ├── ast-types@0.6.16
40 silly currentTree ├── async-each@1.0.0
40 silly currentTree ├── async-foreach@0.1.3
40 silly currentTree ├── async@1.5.2
40 silly currentTree ├── atob@1.1.3
40 silly currentTree ├── autoprefixer@6.3.7
40 silly currentTree ├── aws-sign2@0.6.0
40 silly currentTree ├── aws4@1.4.1
40 silly currentTree ├── backo2@1.0.2
40 silly currentTree ├── balanced-match@0.4.2
40 silly currentTree ├── base62@1.1.1
40 silly currentTree ├── base64-arraybuffer@0.1.2
40 silly currentTree ├── base64-js@0.0.8
40 silly currentTree ├── Base64@0.2.1
40 silly currentTree ├── base64id@0.1.0
40 silly currentTree ├── batch@0.5.3
40 silly currentTree ├── benchmark@1.0.0
40 silly currentTree ├── better-assert@1.0.2
40 silly currentTree ├── big.js@3.1.3
40 silly currentTree ├── binary-extensions@1.5.0
40 silly currentTree ├─┬ bl@1.1.2
40 silly currentTree │ └── readable-stream@2.0.6
40 silly currentTree ├── blob@0.0.4
40 silly currentTree ├── block-stream@0.0.9
40 silly currentTree ├── bluebird@3.4.1
40 silly currentTree ├── boolbase@1.0.0
40 silly currentTree ├── boom@2.10.1
40 silly currentTree ├── bootstrap-loader@1.0.10
40 silly currentTree ├── bootstrap-sass@3.3.7
40 silly currentTree ├── brace-expansion@1.1.6
40 silly currentTree ├── braces@1.8.5
40 silly currentTree ├── browserify-zlib@0.1.4
40 silly currentTree ├── browserslist@1.3.5
40 silly currentTree ├── buffer-shims@1.0.0
40 silly currentTree ├── buffer@3.6.0
40 silly currentTree ├── builtin-modules@1.1.1
40 silly currentTree ├── bytes@2.3.0
40 silly currentTree ├── callsite@1.0.0
40 silly currentTree ├── camel-case@3.0.0
40 silly currentTree ├─┬ camelcase-keys@2.1.0
40 silly currentTree │ └── camelcase@2.1.1
40 silly currentTree ├── camelcase@1.2.1
40 silly currentTree ├── caniuse-db@1.0.30000512
40 silly currentTree ├── caseless@0.11.0
40 silly currentTree ├── center-align@0.1.3
40 silly currentTree ├─┬ chalk@1.1.3
40 silly currentTree │ └── supports-color@2.0.0
40 silly currentTree ├── change-case@3.0.0
40 silly currentTree ├── chokidar@1.6.0
40 silly currentTree ├── cjsx-loader@3.0.0
40 silly currentTree ├── clap@1.1.1
40 silly currentTree ├─┬ clean-css@3.4.19
40 silly currentTree │ ├── commander@2.8.1
40 silly currentTree │ └── source-map@0.4.4
40 silly currentTree ├─┬ cliui@2.1.0
40 silly currentTree │ └── wordwrap@0.0.2
40 silly currentTree ├── clone@1.0.2
40 silly currentTree ├── coa@1.0.1
40 silly currentTree ├── code-point-at@1.0.0
40 silly currentTree ├── coffee-loader@0.7.2
40 silly currentTree ├── coffee-react-transform@4.0.0
40 silly currentTree ├── coffee-script@1.10.0
40 silly currentTree ├── color-convert@1.3.1
40 silly currentTree ├── color-name@1.1.1
40 silly currentTree ├── color-string@0.3.0
40 silly currentTree ├── color@0.11.3
40 silly currentTree ├── colormin@1.1.1
40 silly currentTree ├── colors@1.1.2
40 silly currentTree ├── combined-stream@1.0.5
40 silly currentTree ├── commander@2.9.0
40 silly currentTree ├─┬ commoner@0.10.4
40 silly currentTree │ ├── ast-types@0.8.15
40 silly currentTree │ ├── esprima-fb@15001.1001.0-dev-harmony-fb
40 silly currentTree │ ├── glob@5.0.15
40 silly currentTree │ └── recast@0.10.43
40 silly currentTree ├── component-bind@1.0.0
40 silly currentTree ├── component-emitter@1.1.2
40 silly currentTree ├── component-inherit@0.0.3
40 silly currentTree ├── compressible@2.0.8
40 silly currentTree ├── compression@1.6.2
40 silly currentTree ├── concat-map@0.0.1
40 silly currentTree ├─┬ concat-stream@1.5.1
40 silly currentTree │ └── readable-stream@2.0.6
40 silly currentTree ├── connect-history-api-fallback@1.1.0
40 silly currentTree ├── console-browserify@1.1.0
40 silly currentTree ├── console-control-strings@1.1.0
40 silly currentTree ├── constant-case@2.0.0
40 silly currentTree ├── constants-browserify@0.0.1
40 silly currentTree ├── content-disposition@0.5.1
40 silly currentTree ├── content-type@1.0.2
40 silly currentTree ├── convert-source-map@1.3.0
40 silly currentTree ├── cookie-signature@1.0.6
40 silly currentTree ├── cookie@0.3.1
40 silly currentTree ├── core-js@1.2.7
40 silly currentTree ├── core-util-is@1.0.2
40 silly currentTree ├── cross-spawn@3.0.1
40 silly currentTree ├── cryptiles@2.0.5
40 silly currentTree ├── crypto-browserify@3.2.8
40 silly currentTree ├── css-color-names@0.0.4
40 silly currentTree ├── css-loader@0.23.1
40 silly currentTree ├── css-select@1.2.0
40 silly currentTree ├── css-selector-tokenizer@0.5.4
40 silly currentTree ├── css-what@2.1.0
40 silly currentTree ├─┬ css@2.2.1
40 silly currentTree │ └── source-map@0.1.43
40 silly currentTree ├── cssesc@0.1.0
40 silly currentTree ├── cssnano@3.7.3
40 silly currentTree ├── csso@2.0.0
40 silly currentTree ├── currently-unhandled@0.4.1
40 silly currentTree ├── d@0.1.1
40 silly currentTree ├─┬ dashdash@1.14.0
40 silly currentTree │ └── assert-plus@1.0.0
40 silly currentTree ├── date-now@0.1.4
40 silly currentTree ├── debug@2.2.0
40 silly currentTree ├── decamelize@1.2.0
40 silly currentTree ├── defined@1.0.0
40 silly currentTree ├── delayed-stream@1.0.0
40 silly currentTree ├── delegates@1.0.0
40 silly currentTree ├── depd@1.1.0
40 silly currentTree ├── destroy@1.0.4
40 silly currentTree ├─┬ detective@4.3.1
40 silly currentTree │ └── acorn@1.2.2
40 silly currentTree ├─┬ dom-converter@0.1.4
40 silly currentTree │ └── utila@0.3.3
40 silly currentTree ├─┬ dom-serializer@0.1.0
40 silly currentTree │ └── domelementtype@1.1.3
40 silly currentTree ├── domain-browser@1.1.7
40 silly currentTree ├── domelementtype@1.3.0
40 silly currentTree ├── domhandler@2.1.0
40 silly currentTree ├── domutils@1.5.1
40 silly currentTree ├── dot-case@2.1.0
40 silly currentTree ├── ecc-jsbn@0.1.1
40 silly currentTree ├── ee-first@1.1.1
40 silly currentTree ├── emojis-list@2.0.1
40 silly currentTree ├── encodeurl@1.0.1
40 silly currentTree ├── encoding@0.1.12
40 silly currentTree ├─┬ engine.io-client@1.6.11
40 silly currentTree │ └── ws@1.0.1
40 silly currentTree ├─┬ engine.io-parser@1.2.4
40 silly currentTree │ ├── has-binary@0.1.6
40 silly currentTree │ └── isarray@0.0.1
40 silly currentTree ├─┬ engine.io@1.6.11
40 silly currentTree │ ├── accepts@1.1.4
40 silly currentTree │ ├── mime-db@1.12.0
40 silly currentTree │ ├── mime-types@2.0.14
40 silly currentTree │ └── negotiator@0.4.9
40 silly currentTree ├─┬ enhanced-resolve@0.9.1
40 silly currentTree │ └── memory-fs@0.2.0
40 silly currentTree ├── entities@1.1.1
40 silly currentTree ├── errno@0.1.4
40 silly currentTree ├── error-ex@1.3.0
40 silly currentTree ├── es5-ext@0.10.12
40 silly currentTree ├── es6-iterator@2.0.0
40 silly currentTree ├── es6-symbol@3.1.0
40 silly currentTree ├── es6-templates@0.2.2
40 silly currentTree ├── escape-html@1.0.3
40 silly currentTree ├── escape-regexp@0.0.1
40 silly currentTree ├── escape-string-regexp@1.0.5
40 silly currentTree ├── esprima@2.7.2
40 silly currentTree ├── etag@1.7.0
40 silly currentTree ├── eventemitter3@1.2.0
40 silly currentTree ├── events@1.1.1
40 silly currentTree ├── eventsource@0.1.6
40 silly currentTree ├── expand-brackets@0.1.5
40 silly currentTree ├── expand-range@1.8.2
40 silly currentTree ├── express@4.14.0
40 silly currentTree ├── extend@3.0.0
40 silly currentTree ├── extglob@0.3.2
40 silly currentTree ├── extsprintf@1.0.2
40 silly currentTree ├── fastparse@1.1.1
40 silly currentTree ├── faye-websocket@0.10.0
40 silly currentTree ├── fbjs@0.8.3
40 silly currentTree ├── file-loader@0.9.0
40 silly currentTree ├── filename-regex@2.0.0
40 silly currentTree ├── fill-range@2.2.3
40 silly currentTree ├── finalhandler@0.5.0
40 silly currentTree ├── find-up@1.1.2
40 silly currentTree ├── flatten@1.0.2
40 silly currentTree ├── for-in@0.1.5
40 silly currentTree ├── for-own@0.1.4
40 silly currentTree ├── forever-agent@0.6.1
40 silly currentTree ├── form-data@1.0.0-rc4
40 silly currentTree ├── forwarded@0.1.0
40 silly currentTree ├── fresh@0.3.0
40 silly currentTree ├── fs.realpath@1.0.0
40 silly currentTree ├── fstream@1.0.10
40 silly currentTree ├── gauge@2.6.0
40 silly currentTree ├── gaze@1.1.0
40 silly currentTree ├── generate-function@2.0.0
40 silly currentTree ├── generate-object-property@1.2.0
40 silly currentTree ├── get-caller-file@1.0.1
40 silly currentTree ├── get-stdin@4.0.1
40 silly currentTree ├─┬ getpass@0.1.6
40 silly currentTree │ └── assert-plus@1.0.0
40 silly currentTree ├── glob-base@0.3.0
40 silly currentTree ├── glob-parent@2.0.0
40 silly currentTree ├── glob@7.0.5
40 silly currentTree ├── globule@1.0.0
40 silly currentTree ├── graceful-fs@4.1.5
40 silly currentTree ├── graceful-readlink@1.0.1
40 silly currentTree ├── har-validator@2.0.6
40 silly currentTree ├── has-ansi@2.0.0
40 silly currentTree ├─┬ has-binary@0.1.7
40 silly currentTree │ └── isarray@0.0.1
40 silly currentTree ├── has-color@0.1.7
40 silly currentTree ├── has-cors@1.1.0
40 silly currentTree ├── has-flag@1.0.0
40 silly currentTree ├── has-own@1.0.0
40 silly currentTree ├── has-unicode@2.0.1
40 silly currentTree ├── hawk@3.1.3
40 silly currentTree ├── he@1.1.0
40 silly currentTree ├── header-case@1.0.0
40 silly currentTree ├── hoek@2.16.3
40 silly currentTree ├── hoist-non-react-statics@1.2.0
40 silly currentTree ├── hosted-git-info@2.1.5
40 silly currentTree ├── html-comment-regex@1.1.1
40 silly currentTree ├─┬ html-loader@0.4.3
40 silly currentTree │ ├── camel-case@1.2.2
40 silly currentTree │ ├── change-case@2.3.1
40 silly currentTree │ ├── constant-case@1.1.2
40 silly currentTree │ ├── dot-case@1.1.2
40 silly currentTree │ ├── he@1.0.0
40 silly currentTree │ ├── html-minifier@1.5.0
40 silly currentTree │ ├── param-case@1.1.2
40 silly currentTree │ ├── pascal-case@1.1.2
40 silly currentTree │ ├── path-case@1.1.2
40 silly currentTree │ ├── sentence-case@1.1.3
40 silly currentTree │ ├── snake-case@1.1.2
40 silly currentTree │ └── title-case@1.1.2
40 silly currentTree ├── html-minifier@2.1.7
40 silly currentTree ├─┬ html-webpack-plugin@2.22.0
40 silly currentTree │ └── lodash@4.14.0
40 silly currentTree ├─┬ htmlparser2@3.3.0
40 silly currentTree │ ├── domutils@1.1.6
40 silly currentTree │ ├── isarray@0.0.1
40 silly currentTree │ └── readable-stream@1.0.34
40 silly currentTree ├── http-browserify@1.7.0
40 silly currentTree ├── http-errors@1.5.0
40 silly currentTree ├── http-proxy@1.14.0
40 silly currentTree ├── http-signature@1.1.1
40 silly currentTree ├── https-browserify@0.0.0
40 silly currentTree ├── iconv-lite@0.4.13
40 silly currentTree ├── icss-replace-symbols@1.0.2
40 silly currentTree ├── ieee754@1.1.6
40 silly currentTree ├── immutable@3.8.1
40 silly currentTree ├── in-publish@2.0.0
40 silly currentTree ├── indent-string@2.1.0
40 silly currentTree ├── indexes-of@1.0.1
40 silly currentTree ├── indexof@0.0.1
40 silly currentTree ├── inflight@1.0.5
40 silly currentTree ├── inherits@2.0.1
40 silly currentTree ├── interpret@0.6.6
40 silly currentTree ├── invariant@2.2.1
40 silly currentTree ├── invert-kv@1.0.0
40 silly currentTree ├── ipaddr.js@1.1.1
40 silly currentTree ├── is-absolute-url@2.0.0
40 silly currentTree ├── is-arrayish@0.2.1
40 silly currentTree ├── is-binary-path@1.0.1
40 silly currentTree ├── is-buffer@1.1.3
40 silly currentTree ├── is-builtin-module@1.0.0
40 silly currentTree ├── is-dotfile@1.0.2
40 silly currentTree ├── is-equal-shallow@0.1.3
40 silly currentTree ├── is-extendable@0.1.1
40 silly currentTree ├── is-extglob@1.0.0
40 silly currentTree ├── is-finite@1.0.1
40 silly currentTree ├── is-fullwidth-code-point@1.0.0
40 silly currentTree ├── is-glob@2.0.1
40 silly currentTree ├── is-lower-case@1.1.3
40 silly currentTree ├── is-my-json-valid@2.13.1
40 silly currentTree ├── is-number@2.1.0
40 silly currentTree ├── is-plain-obj@1.1.0
40 silly currentTree ├── is-posix-bracket@0.1.1
40 silly currentTree ├── is-primitive@2.0.0
40 silly currentTree ├── is-property@1.0.2
40 silly currentTree ├── is-stream@1.1.0
40 silly currentTree ├── is-svg@2.0.1
40 silly currentTree ├── is-typedarray@1.0.0
40 silly currentTree ├── is-upper-case@1.1.2
40 silly currentTree ├── is-utf8@0.2.1
40 silly currentTree ├── isarray@1.0.0
40 silly currentTree ├── isexe@1.1.2
40 silly currentTree ├── isobject@2.1.0
40 silly currentTree ├── isomorphic-fetch@2.2.1
40 silly currentTree ├── isstream@0.1.2
40 silly currentTree ├── jodid25519@1.0.2
40 silly currentTree ├── jquery@3.1.0
40 silly currentTree ├── js-base64@2.1.9
40 silly currentTree ├── js-tokens@1.0.3
40 silly currentTree ├── js-yaml@3.6.1
40 silly currentTree ├── jsbn@0.1.0
40 silly currentTree ├── jsesc@0.5.0
40 silly currentTree ├── json-schema@0.2.2
40 silly currentTree ├── json-stringify-safe@5.0.1
40 silly currentTree ├── json3@3.3.2
40 silly currentTree ├── json5@0.5.0
40 silly currentTree ├── jsonpointer@2.0.0
40 silly currentTree ├── jsprim@1.3.0
40 silly currentTree ├─┬ jstransform@11.0.3
40 silly currentTree │ ├── esprima-fb@15001.1.0-dev-harmony-fb
40 silly currentTree │ ├── object-assign@2.1.1
40 silly currentTree │ └── source-map@0.4.4
40 silly currentTree ├── jsx-loader@0.13.2
40 silly currentTree ├── kind-of@3.0.3
40 silly currentTree ├── lazy-cache@1.0.4
40 silly currentTree ├── lcid@1.0.0
40 silly currentTree ├── load-json-file@1.1.0
40 silly currentTree ├── loader-utils@0.2.15
40 silly currentTree ├── lodash-es@4.14.1
40 silly currentTree ├── lodash._baseassign@3.2.0
40 silly currentTree ├── lodash._basecopy@3.0.1
40 silly currentTree ├── lodash._bindcallback@3.0.1
40 silly currentTree ├── lodash._createassigner@3.1.1
40 silly currentTree ├── lodash._createcompounder@3.0.0
40 silly currentTree ├── lodash._getnative@3.9.1
40 silly currentTree ├── lodash._isiterateecall@3.0.9
40 silly currentTree ├── lodash._root@3.0.1
40 silly currentTree ├── lodash.assign@4.1.0
40 silly currentTree ├── lodash.camelcase@3.0.1
40 silly currentTree ├── lodash.clonedeep@4.4.0
40 silly currentTree ├── lodash.deburr@3.2.0
40 silly currentTree ├─┬ lodash.defaults@3.1.2
40 silly currentTree │ └── lodash.assign@3.2.0
40 silly currentTree ├── lodash.isarguments@3.0.9
40 silly currentTree ├── lodash.isarray@3.0.4
40 silly currentTree ├── lodash.keys@3.1.2
40 silly currentTree ├── lodash.restparam@3.6.1
40 silly currentTree ├── lodash.words@3.2.0
40 silly currentTree ├── lodash@4.9.0
40 silly currentTree ├── longest@1.0.1
40 silly currentTree ├── loose-envify@1.2.0
40 silly currentTree ├── loud-rejection@1.6.0
40 silly currentTree ├── lower-case-first@1.0.2
40 silly currentTree ├── lower-case@1.1.3
40 silly currentTree ├── lru-cache@4.0.1
40 silly currentTree ├── macaddress@0.2.8
40 silly currentTree ├── map-obj@1.0.1
40 silly currentTree ├── marked@0.3.5
40 silly currentTree ├── media-typer@0.3.0
40 silly currentTree ├── memory-fs@0.3.0
40 silly currentTree ├─┬ meow@3.7.0
40 silly currentTree │ └── minimist@1.2.0
40 silly currentTree ├── merge-descriptors@1.0.1
40 silly currentTree ├── methods@1.1.2
40 silly currentTree ├── micromatch@2.3.11
40 silly currentTree ├── mime-db@1.23.0
40 silly currentTree ├── mime-types@2.1.11
40 silly currentTree ├── mime@1.3.4
40 silly currentTree ├── minimatch@3.0.2
40 silly currentTree ├── minimist@0.0.8
40 silly currentTree ├── mkdirp@0.5.1
40 silly currentTree ├── ms@0.7.1
40 silly currentTree ├── nan@2.4.0
40 silly currentTree ├── ncname@1.0.0
40 silly currentTree ├── negotiator@0.6.1
40 silly currentTree ├── no-case@2.3.0
40 silly currentTree ├── node-fetch@1.5.3
40 silly currentTree ├── node-gyp@3.4.0
40 silly currentTree ├─┬ node-libs-browser@0.5.3
40 silly currentTree │ ├── isarray@0.0.1
40 silly currentTree │ └── readable-stream@1.1.14
40 silly currentTree ├── node-sass@3.8.0
40 silly currentTree ├── node-uuid@1.4.7
40 silly currentTree ├── nopt@3.0.6
40 silly currentTree ├── normalize-package-data@2.3.5
40 silly currentTree ├── normalize-path@2.0.1
40 silly currentTree ├── normalize-range@0.1.2
40 silly currentTree ├── normalize-url@1.6.0
40 silly currentTree ├── npmlog@3.1.2
40 silly currentTree ├── nth-check@1.0.1
40 silly currentTree ├── num2fraction@1.2.2
40 silly currentTree ├── number-is-nan@1.0.0
40 silly currentTree ├── oauth-sign@0.8.2
40 silly currentTree ├── object-assign@4.1.0
40 silly currentTree ├── object-component@0.0.3
40 silly currentTree ├── object.omit@2.0.0
40 silly currentTree ├── on-finished@2.3.0
40 silly currentTree ├── on-headers@1.0.1
40 silly currentTree ├── once@1.3.3
40 silly currentTree ├── optimist@0.6.1
40 silly currentTree ├── options@0.0.6
40 silly currentTree ├─┬ original@1.0.0
40 silly currentTree │ └── url-parse@1.0.5
40 silly currentTree ├── os-browserify@0.1.2
40 silly currentTree ├── os-homedir@1.0.1
40 silly currentTree ├── os-locale@1.4.0
40 silly currentTree ├── os-tmpdir@1.0.1
40 silly currentTree ├── osenv@0.1.3
40 silly currentTree ├── pako@0.2.9
40 silly currentTree ├── param-case@2.1.0
40 silly currentTree ├── parse-glob@3.0.4
40 silly currentTree ├── parse-json@2.2.0
40 silly currentTree ├── parsejson@0.0.1
40 silly currentTree ├── parseqs@0.0.2
40 silly currentTree ├── parseuri@0.0.4
40 silly currentTree ├── parseurl@1.3.1
40 silly currentTree ├── pascal-case@2.0.0
40 silly currentTree ├── path-array@1.0.1
40 silly currentTree ├── path-browserify@0.0.0
40 silly currentTree ├── path-case@2.1.0
40 silly currentTree ├── path-exists@2.1.0
40 silly currentTree ├── path-is-absolute@1.0.0
40 silly currentTree ├── path-to-regexp@0.1.7
40 silly currentTree ├── path-type@1.1.0
40 silly currentTree ├── pbkdf2-compat@2.0.1
40 silly currentTree ├── pify@2.3.0
40 silly currentTree ├── pinkie-promise@2.0.1
40 silly currentTree ├── pinkie@2.0.4
40 silly currentTree ├── postcss-calc@5.3.0
40 silly currentTree ├── postcss-colormin@2.2.0
40 silly currentTree ├── postcss-convert-values@2.4.0
40 silly currentTree ├── postcss-discard-comments@2.0.4
40 silly currentTree ├── postcss-discard-duplicates@2.0.1
40 silly currentTree ├── postcss-discard-empty@2.1.0
40 silly currentTree ├── postcss-discard-overridden@0.1.1
40 silly currentTree ├── postcss-discard-unused@2.2.1
40 silly currentTree ├── postcss-filter-plugins@2.0.1
40 silly currentTree ├── postcss-merge-idents@2.1.6
40 silly currentTree ├── postcss-merge-longhand@2.0.1
40 silly currentTree ├── postcss-merge-rules@2.0.10
40 silly currentTree ├── postcss-message-helpers@2.0.0
40 silly currentTree ├── postcss-minify-font-values@1.0.5
40 silly currentTree ├── postcss-minify-gradients@1.0.3
40 silly currentTree ├── postcss-minify-params@1.0.4
40 silly currentTree ├── postcss-minify-selectors@2.0.5
40 silly currentTree ├── postcss-modules-extract-imports@1.0.1
40 silly currentTree ├─┬ postcss-modules-local-by-default@1.1.1
40 silly currentTree │ └── css-selector-tokenizer@0.6.0
40 silly currentTree ├─┬ postcss-modules-scope@1.0.2
40 silly currentTree │ └── css-selector-tokenizer@0.6.0
40 silly currentTree ├── postcss-modules-values@1.1.3
40 silly currentTree ├── postcss-normalize-charset@1.1.0
40 silly currentTree ├── postcss-normalize-url@3.0.7
40 silly currentTree ├── postcss-ordered-values@2.2.1
40 silly currentTree ├── postcss-reduce-idents@2.3.0
40 silly currentTree ├── postcss-reduce-initial@1.0.0
40 silly currentTree ├── postcss-reduce-transforms@1.0.3
40 silly currentTree ├── postcss-selector-parser@2.1.1
40 silly currentTree ├── postcss-svgo@2.1.4
40 silly currentTree ├── postcss-unique-selectors@2.0.2
40 silly currentTree ├── postcss-value-parser@3.3.0
40 silly currentTree ├── postcss-zindex@2.1.1
40 silly currentTree ├── postcss@5.1.1
40 silly currentTree ├── prepend-http@1.0.4
40 silly currentTree ├── preserve@0.2.0
40 silly currentTree ├── pretty-error@2.0.0
40 silly currentTree ├── private@0.1.6
40 silly currentTree ├── process-nextick-args@1.0.7
40 silly currentTree ├── process@0.11.6
40 silly currentTree ├── promise@7.1.1
40 silly currentTree ├── proxy-addr@1.1.2
40 silly currentTree ├── prr@0.0.0
40 silly currentTree ├── pseudomap@1.0.2
40 silly currentTree ├── punycode@1.4.1
40 silly currentTree ├── q@1.4.1
40 silly currentTree ├── qs@6.2.0
40 silly currentTree ├── query-string@4.2.2
40 silly currentTree ├── querystring-es3@0.2.1
40 silly currentTree ├── querystring@0.2.0
40 silly currentTree ├── querystringify@0.0.3
40 silly currentTree ├── randomatic@1.1.5
40 silly currentTree ├── range-parser@1.2.0
40 silly currentTree ├── react-dom@15.2.1
40 silly currentTree ├── react-redux@4.4.5
40 silly currentTree ├── react@15.2.1
40 silly currentTree ├── read-pkg-up@1.0.1
40 silly currentTree ├── read-pkg@1.1.0
40 silly currentTree ├── readable-stream@2.1.4
40 silly currentTree ├── readdirp@2.1.0
40 silly currentTree ├─┬ recast@0.9.18
40 silly currentTree │ ├── esprima-fb@10001.1.0-dev-harmony-fb
40 silly currentTree │ └── source-map@0.1.43
40 silly currentTree ├── redent@1.0.0
40 silly currentTree ├─┬ reduce-css-calc@1.2.4
40 silly currentTree │ └── balanced-match@0.1.0
40 silly currentTree ├─┬ reduce-function-call@1.0.1
40 silly currentTree │ └── balanced-match@0.1.0
40 silly currentTree ├── redux-devtools-instrument@1.1.1
40 silly currentTree ├── redux-devtools@3.3.1
40 silly currentTree ├── redux@3.5.2
40 silly currentTree ├── regenerate@1.3.1
40 silly currentTree ├── regex-cache@0.4.3
40 silly currentTree ├── regexpu-core@1.0.0
40 silly currentTree ├── regjsgen@0.2.0
40 silly currentTree ├── regjsparser@0.1.5
40 silly currentTree ├── relateurl@0.2.7
40 silly currentTree ├─┬ renderkid@2.0.0
40 silly currentTree │ └── utila@0.3.3
40 silly currentTree ├── repeat-element@1.1.2
40 silly currentTree ├── repeat-string@1.5.4
40 silly currentTree ├── repeating@2.0.1
40 silly currentTree ├── request@2.74.0
40 silly currentTree ├── require-directory@2.1.1
40 silly currentTree ├── require-main-filename@1.0.1
40 silly currentTree ├── requires-port@1.0.0
40 silly currentTree ├─┬ resolve-url-loader@1.6.0
40 silly currentTree │ └── source-map@0.1.43
40 silly currentTree ├── resolve-url@0.2.1
40 silly currentTree ├── resolve@1.1.7
40 silly currentTree ├── rework-visit@1.0.0
40 silly currentTree ├─┬ rework@1.0.1
40 silly currentTree │ └── convert-source-map@0.3.5
40 silly currentTree ├── right-align@0.1.3
40 silly currentTree ├── rimraf@2.5.4
40 silly currentTree ├── ripemd160@0.2.0
40 silly currentTree ├─┬ sass-graph@2.1.2
40 silly currentTree │ ├── cliui@3.2.0
40 silly currentTree │ ├── window-size@0.2.0
40 silly currentTree │ └── yargs@4.8.1
40 silly currentTree ├── sass-loader@4.0.0
40 silly currentTree ├── sax@1.2.1
40 silly currentTree ├── semver@5.3.0
40 silly currentTree ├── send@0.14.1
40 silly currentTree ├── sentence-case@2.1.0
40 silly currentTree ├── serve-index@1.8.0
40 silly currentTree ├── serve-static@1.11.1
40 silly currentTree ├── set-blocking@2.0.0
40 silly currentTree ├── set-immediate-shim@1.0.1
40 silly currentTree ├── setprototypeof@1.0.1
40 silly currentTree ├── sha.js@2.2.6
40 silly currentTree ├── signal-exit@3.0.0
40 silly currentTree ├── slm-loader@0.2.1
40 silly currentTree ├── slm-markdown@1.0.0
40 silly currentTree ├── slm@0.5.1
40 silly currentTree ├── snake-case@2.1.0
40 silly currentTree ├── sntp@1.0.9
40 silly currentTree ├─┬ socket.io-adapter@0.4.0
40 silly currentTree │ ├── isarray@0.0.1
40 silly currentTree │ ├── json3@3.2.6
40 silly currentTree │ └─┬ socket.io-parser@2.2.2
40 silly currentTree │   └── debug@0.7.4
40 silly currentTree ├─┬ socket.io-client@1.4.8
40 silly currentTree │ └── component-emitter@1.2.0
40 silly currentTree ├─┬ socket.io-parser@2.2.6
40 silly currentTree │ └── isarray@0.0.1
40 silly currentTree ├── socket.io@1.4.8
40 silly currentTree ├─┬ sockjs-client@1.1.1
40 silly currentTree │ └── faye-websocket@0.11.0
40 silly currentTree ├── sockjs@0.3.17
40 silly currentTree ├── sort-keys@1.1.2
40 silly currentTree ├── source-list-map@0.1.6
40 silly currentTree ├── source-map-resolve@0.3.1
40 silly currentTree ├── source-map-url@0.3.0
40 silly currentTree ├── source-map@0.5.6
40 silly currentTree ├── spdx-correct@1.0.2
40 silly currentTree ├── spdx-exceptions@1.0.5
40 silly currentTree ├── spdx-expression-parse@1.0.2
40 silly currentTree ├── spdx-license-ids@1.2.2
40 silly currentTree ├── sprintf-js@1.0.3
40 silly currentTree ├─┬ sshpk@1.9.1
40 silly currentTree │ └── assert-plus@1.0.0
40 silly currentTree ├── statuses@1.3.0
40 silly currentTree ├─┬ stream-browserify@1.0.0
40 silly currentTree │ ├── isarray@0.0.1
40 silly currentTree │ └── readable-stream@1.1.14
40 silly currentTree ├── stream-cache@0.0.2
40 silly currentTree ├── strict-uri-encode@1.1.0
40 silly currentTree ├── string_decoder@0.10.31
40 silly currentTree ├── string-width@1.0.1
40 silly currentTree ├── stringstream@0.0.5
40 silly currentTree ├── strip-ansi@3.0.1
40 silly currentTree ├── strip-bom@2.0.0
40 silly currentTree ├── strip-indent@1.0.1
40 silly currentTree ├── strip-json-comments@1.0.4
40 silly currentTree ├── style-loader@0.13.1
40 silly currentTree ├── supports-color@3.1.2
40 silly currentTree ├── svgo@0.6.6
40 silly currentTree ├── swap-case@1.1.2
40 silly currentTree ├── symbol-observable@0.2.4
40 silly currentTree ├── tapable@0.1.10
40 silly currentTree ├── tar@2.2.1
40 silly currentTree ├── through@2.3.8
40 silly currentTree ├── timers-browserify@1.4.2
40 silly currentTree ├── title-case@2.1.0
40 silly currentTree ├── to-array@0.1.4
40 silly currentTree ├── toposort@1.0.0
40 silly currentTree ├── tough-cookie@2.3.1
40 silly currentTree ├── trim-newlines@1.0.0
40 silly currentTree ├── tty-browserify@0.0.0
40 silly currentTree ├── tunnel-agent@0.4.3
40 silly currentTree ├── tweetnacl@0.13.3
40 silly currentTree ├── type-is@1.6.13
40 silly currentTree ├── typedarray@0.0.6
40 silly currentTree ├── ua-parser-js@0.7.10
40 silly currentTree ├─┬ uglify-js@2.6.4
40 silly currentTree │ └── async@0.2.10
40 silly currentTree ├── uglify-to-browserify@1.0.2
40 silly currentTree ├── ultron@1.0.2
40 silly currentTree ├── uniq@1.0.1
40 silly currentTree ├── uniqid@3.1.0
40 silly currentTree ├── uniqs@2.0.0
40 silly currentTree ├── unpipe@1.0.0
40 silly currentTree ├── upper-case-first@1.1.2
40 silly currentTree ├── upper-case@1.1.3
40 silly currentTree ├── urix@0.1.0
40 silly currentTree ├─┬ url-loader@0.5.7
40 silly currentTree │ └── mime@1.2.11
40 silly currentTree ├── url-parse@1.1.1
40 silly currentTree ├─┬ url@0.10.3
40 silly currentTree │ └── punycode@1.3.2
40 silly currentTree ├── utf8@2.1.0
40 silly currentTree ├── util-deprecate@1.0.2
40 silly currentTree ├── util@0.10.3
40 silly currentTree ├── utila@0.4.0
40 silly currentTree ├── utils-merge@1.0.0
40 silly currentTree ├── uuid@2.0.2
40 silly currentTree ├── validate-npm-package-license@3.0.1
40 silly currentTree ├── vary@1.1.0
40 silly currentTree ├── vendors@1.0.0
40 silly currentTree ├── verror@1.3.6
40 silly currentTree ├── vm-browserify@0.0.4
40 silly currentTree ├─┬ watchpack@0.2.9
40 silly currentTree │ └── async@0.9.2
40 silly currentTree ├─┬ webpack-core@0.6.8
40 silly currentTree │ └── source-map@0.4.4
40 silly currentTree ├── webpack-dev-middleware@1.6.1
40 silly currentTree ├── webpack-dev-server@1.14.1
40 silly currentTree ├── webpack@1.13.1
40 silly currentTree ├── websocket-driver@0.6.5
40 silly currentTree ├── websocket-extensions@0.1.1
40 silly currentTree ├── whatwg-fetch@1.0.0
40 silly currentTree ├── whet.extend@0.9.9
40 silly currentTree ├── which-module@1.0.0
40 silly currentTree ├── which@1.2.10
40 silly currentTree ├── wide-align@1.1.0
40 silly currentTree ├── window-size@0.1.0
40 silly currentTree ├── wordwrap@0.0.3
40 silly currentTree ├── wrap-ansi@2.0.0
40 silly currentTree ├── wrappy@1.0.2
40 silly currentTree ├── ws@1.1.0
40 silly currentTree ├── xml-char-classes@1.0.0
40 silly currentTree ├── xmlhttprequest-ssl@1.5.1
40 silly currentTree ├── xtend@4.0.1
40 silly currentTree ├── y18n@3.2.1
40 silly currentTree ├── yallist@2.0.0
40 silly currentTree ├─┬ yargs-parser@2.4.1
40 silly currentTree │ └── camelcase@3.0.0
40 silly currentTree ├── yargs@3.10.0
40 silly currentTree └── yeast@0.1.2
41 silly idealTree Perdoco@
41 silly idealTree ├── abbrev@1.0.9
41 silly idealTree ├── accepts@1.3.3
41 silly idealTree ├── acorn@3.3.0
41 silly idealTree ├── after@0.8.1
41 silly idealTree ├── align-text@0.1.4
41 silly idealTree ├── alphanum-sort@1.0.2
41 silly idealTree ├── amdefine@1.0.0
41 silly idealTree ├── ansi-regex@2.0.0
41 silly idealTree ├── ansi-styles@2.2.1
41 silly idealTree ├── anymatch@1.3.0
41 silly idealTree ├── aproba@1.0.4
41 silly idealTree ├── are-we-there-yet@1.1.2
41 silly idealTree ├── argparse@1.0.7
41 silly idealTree ├── arr-diff@2.0.0
41 silly idealTree ├── arr-flatten@1.0.1
41 silly idealTree ├── array-find-index@1.0.1
41 silly idealTree ├── array-flatten@1.1.1
41 silly idealTree ├── array-index@1.0.0
41 silly idealTree ├── array-unique@0.2.1
41 silly idealTree ├── arraybuffer.slice@0.0.6
41 silly idealTree ├── arrify@1.0.1
41 silly idealTree ├── asap@2.0.4
41 silly idealTree ├── asn1@0.2.3
41 silly idealTree ├── assert-plus@0.2.0
41 silly idealTree ├── assert@1.4.1
41 silly idealTree ├── ast-types@0.6.16
41 silly idealTree ├── async-each@1.0.0
41 silly idealTree ├── async-foreach@0.1.3
41 silly idealTree ├── async@1.5.2
41 silly idealTree ├── atob@1.1.3
41 silly idealTree ├── autoprefixer@6.3.7
41 silly idealTree ├── aws-sign2@0.6.0
41 silly idealTree ├── aws4@1.4.1
41 silly idealTree ├── backo2@1.0.2
41 silly idealTree ├── balanced-match@0.4.2
41 silly idealTree ├── base62@1.1.1
41 silly idealTree ├── base64-arraybuffer@0.1.2
41 silly idealTree ├── base64-js@0.0.8
41 silly idealTree ├── Base64@0.2.1
41 silly idealTree ├── base64id@0.1.0
41 silly idealTree ├── batch@0.5.3
41 silly idealTree ├── benchmark@1.0.0
41 silly idealTree ├── better-assert@1.0.2
41 silly idealTree ├── big.js@3.1.3
41 silly idealTree ├── binary-extensions@1.5.0
41 silly idealTree ├─┬ bl@1.1.2
41 silly idealTree │ └── readable-stream@2.0.6
41 silly idealTree ├── blob@0.0.4
41 silly idealTree ├── block-stream@0.0.9
41 silly idealTree ├── bluebird@3.4.1
41 silly idealTree ├── boolbase@1.0.0
41 silly idealTree ├── boom@2.10.1
41 silly idealTree ├── bootstrap-loader@1.0.10
41 silly idealTree ├── bootstrap-sass@3.3.7
41 silly idealTree ├── brace-expansion@1.1.6
41 silly idealTree ├── braces@1.8.5
41 silly idealTree ├── browserify-zlib@0.1.4
41 silly idealTree ├── browserslist@1.3.5
41 silly idealTree ├── buffer-shims@1.0.0
41 silly idealTree ├── buffer@3.6.0
41 silly idealTree ├── builtin-modules@1.1.1
41 silly idealTree ├── bytes@2.3.0
41 silly idealTree ├── callsite@1.0.0
41 silly idealTree ├── camel-case@3.0.0
41 silly idealTree ├─┬ camelcase-keys@2.1.0
41 silly idealTree │ └── camelcase@2.1.1
41 silly idealTree ├── camelcase@1.2.1
41 silly idealTree ├── caniuse-db@1.0.30000512
41 silly idealTree ├── caseless@0.11.0
41 silly idealTree ├── center-align@0.1.3
41 silly idealTree ├─┬ chalk@1.1.3
41 silly idealTree │ └── supports-color@2.0.0
41 silly idealTree ├── change-case@3.0.0
41 silly idealTree ├── chokidar@1.6.0
41 silly idealTree ├── cjsx-loader@3.0.0
41 silly idealTree ├── clap@1.1.1
41 silly idealTree ├─┬ clean-css@3.4.19
41 silly idealTree │ ├── commander@2.8.1
41 silly idealTree │ └── source-map@0.4.4
41 silly idealTree ├─┬ cliui@2.1.0
41 silly idealTree │ └── wordwrap@0.0.2
41 silly idealTree ├── clone@1.0.2
41 silly idealTree ├── coa@1.0.1
41 silly idealTree ├── code-point-at@1.0.0
41 silly idealTree ├── coffee-loader@0.7.2
41 silly idealTree ├── coffee-react-transform@4.0.0
41 silly idealTree ├── coffee-script@1.10.0
41 silly idealTree ├── color-convert@1.3.1
41 silly idealTree ├── color-name@1.1.1
41 silly idealTree ├── color-string@0.3.0
41 silly idealTree ├── color@0.11.3
41 silly idealTree ├── colormin@1.1.1
41 silly idealTree ├── colors@1.1.2
41 silly idealTree ├── combined-stream@1.0.5
41 silly idealTree ├── commander@2.9.0
41 silly idealTree ├─┬ commoner@0.10.4
41 silly idealTree │ ├── ast-types@0.8.15
41 silly idealTree │ ├── esprima-fb@15001.1001.0-dev-harmony-fb
41 silly idealTree │ ├── glob@5.0.15
41 silly idealTree │ └── recast@0.10.43
41 silly idealTree ├── component-bind@1.0.0
41 silly idealTree ├── component-emitter@1.1.2
41 silly idealTree ├── component-inherit@0.0.3
41 silly idealTree ├── compressible@2.0.8
41 silly idealTree ├── compression@1.6.2
41 silly idealTree ├── concat-map@0.0.1
41 silly idealTree ├─┬ concat-stream@1.5.1
41 silly idealTree │ └── readable-stream@2.0.6
41 silly idealTree ├── connect-history-api-fallback@1.1.0
41 silly idealTree ├── console-browserify@1.1.0
41 silly idealTree ├── console-control-strings@1.1.0
41 silly idealTree ├── constant-case@2.0.0
41 silly idealTree ├── constants-browserify@0.0.1
41 silly idealTree ├── content-disposition@0.5.1
41 silly idealTree ├── content-type@1.0.2
41 silly idealTree ├── convert-source-map@1.3.0
41 silly idealTree ├── cookie-signature@1.0.6
41 silly idealTree ├── cookie@0.3.1
41 silly idealTree ├── core-js@1.2.7
41 silly idealTree ├── core-util-is@1.0.2
41 silly idealTree ├── cross-spawn@3.0.1
41 silly idealTree ├── cryptiles@2.0.5
41 silly idealTree ├── crypto-browserify@3.2.8
41 silly idealTree ├── css-color-names@0.0.4
41 silly idealTree ├── css-loader@0.23.1
41 silly idealTree ├── css-select@1.2.0
41 silly idealTree ├── css-selector-tokenizer@0.5.4
41 silly idealTree ├── css-what@2.1.0
41 silly idealTree ├─┬ css@2.2.1
41 silly idealTree │ └── source-map@0.1.43
41 silly idealTree ├── cssesc@0.1.0
41 silly idealTree ├── cssnano@3.7.3
41 silly idealTree ├── csso@2.0.0
41 silly idealTree ├── currently-unhandled@0.4.1
41 silly idealTree ├── d@0.1.1
41 silly idealTree ├─┬ dashdash@1.14.0
41 silly idealTree │ └── assert-plus@1.0.0
41 silly idealTree ├── date-now@0.1.4
41 silly idealTree ├── debug@2.2.0
41 silly idealTree ├── decamelize@1.2.0
41 silly idealTree ├── defined@1.0.0
41 silly idealTree ├── delayed-stream@1.0.0
41 silly idealTree ├── delegates@1.0.0
41 silly idealTree ├── depd@1.1.0
41 silly idealTree ├── destroy@1.0.4
41 silly idealTree ├─┬ detective@4.3.1
41 silly idealTree │ └── acorn@1.2.2
41 silly idealTree ├─┬ dom-converter@0.1.4
41 silly idealTree │ └── utila@0.3.3
41 silly idealTree ├─┬ dom-serializer@0.1.0
41 silly idealTree │ └── domelementtype@1.1.3
41 silly idealTree ├── domain-browser@1.1.7
41 silly idealTree ├── domelementtype@1.3.0
41 silly idealTree ├── domhandler@2.1.0
41 silly idealTree ├── domutils@1.5.1
41 silly idealTree ├── dot-case@2.1.0
41 silly idealTree ├── ecc-jsbn@0.1.1
41 silly idealTree ├── ee-first@1.1.1
41 silly idealTree ├── emojis-list@2.0.1
41 silly idealTree ├── encodeurl@1.0.1
41 silly idealTree ├── encoding@0.1.12
41 silly idealTree ├─┬ engine.io-client@1.6.11
41 silly idealTree │ └── ws@1.0.1
41 silly idealTree ├─┬ engine.io-parser@1.2.4
41 silly idealTree │ ├── has-binary@0.1.6
41 silly idealTree │ └── isarray@0.0.1
41 silly idealTree ├─┬ engine.io@1.6.11
41 silly idealTree │ ├── accepts@1.1.4
41 silly idealTree │ ├── mime-db@1.12.0
41 silly idealTree │ ├── mime-types@2.0.14
41 silly idealTree │ └── negotiator@0.4.9
41 silly idealTree ├─┬ enhanced-resolve@0.9.1
41 silly idealTree │ └── memory-fs@0.2.0
41 silly idealTree ├── entities@1.1.1
41 silly idealTree ├── errno@0.1.4
41 silly idealTree ├── error-ex@1.3.0
41 silly idealTree ├── es5-ext@0.10.12
41 silly idealTree ├── es6-iterator@2.0.0
41 silly idealTree ├── es6-symbol@3.1.0
41 silly idealTree ├── es6-templates@0.2.2
41 silly idealTree ├── escape-html@1.0.3
41 silly idealTree ├── escape-regexp@0.0.1
41 silly idealTree ├── escape-string-regexp@1.0.5
41 silly idealTree ├── esprima@2.7.2
41 silly idealTree ├── etag@1.7.0
41 silly idealTree ├── eventemitter3@1.2.0
41 silly idealTree ├── events@1.1.1
41 silly idealTree ├── eventsource@0.1.6
41 silly idealTree ├── expand-brackets@0.1.5
41 silly idealTree ├── expand-range@1.8.2
41 silly idealTree ├── express@4.14.0
41 silly idealTree ├── extend@3.0.0
41 silly idealTree ├── extglob@0.3.2
41 silly idealTree ├── extsprintf@1.0.2
41 silly idealTree ├── fastparse@1.1.1
41 silly idealTree ├── faye-websocket@0.10.0
41 silly idealTree ├── fbjs@0.8.3
41 silly idealTree ├── file-loader@0.9.0
41 silly idealTree ├── filename-regex@2.0.0
41 silly idealTree ├── fill-range@2.2.3
41 silly idealTree ├── finalhandler@0.5.0
41 silly idealTree ├── find-up@1.1.2
41 silly idealTree ├── flatten@1.0.2
41 silly idealTree ├── for-in@0.1.5
41 silly idealTree ├── for-own@0.1.4
41 silly idealTree ├── forever-agent@0.6.1
41 silly idealTree ├── form-data@1.0.0-rc4
41 silly idealTree ├── forwarded@0.1.0
41 silly idealTree ├── fresh@0.3.0
41 silly idealTree ├── fs.realpath@1.0.0
41 silly idealTree ├── fstream@1.0.10
41 silly idealTree ├── gauge@2.6.0
41 silly idealTree ├── gaze@1.1.0
41 silly idealTree ├── generate-function@2.0.0
41 silly idealTree ├── generate-object-property@1.2.0
41 silly idealTree ├── get-caller-file@1.0.1
41 silly idealTree ├── get-stdin@4.0.1
41 silly idealTree ├─┬ getpass@0.1.6
41 silly idealTree │ └── assert-plus@1.0.0
41 silly idealTree ├── glob-base@0.3.0
41 silly idealTree ├── glob-parent@2.0.0
41 silly idealTree ├── glob@7.0.5
41 silly idealTree ├── globule@1.0.0
41 silly idealTree ├── graceful-fs@4.1.5
41 silly idealTree ├── graceful-readlink@1.0.1
41 silly idealTree ├── har-validator@2.0.6
41 silly idealTree ├── has-ansi@2.0.0
41 silly idealTree ├─┬ has-binary@0.1.7
41 silly idealTree │ └── isarray@0.0.1
41 silly idealTree ├── has-color@0.1.7
41 silly idealTree ├── has-cors@1.1.0
41 silly idealTree ├── has-flag@1.0.0
41 silly idealTree ├── has-own@1.0.0
41 silly idealTree ├── has-unicode@2.0.1
41 silly idealTree ├── hawk@3.1.3
41 silly idealTree ├── he@1.1.0
41 silly idealTree ├── header-case@1.0.0
41 silly idealTree ├── hoek@2.16.3
41 silly idealTree ├── hoist-non-react-statics@1.2.0
41 silly idealTree ├── hosted-git-info@2.1.5
41 silly idealTree ├── html-comment-regex@1.1.1
41 silly idealTree ├─┬ html-loader@0.4.3
41 silly idealTree │ ├── camel-case@1.2.2
41 silly idealTree │ ├── change-case@2.3.1
41 silly idealTree │ ├── constant-case@1.1.2
41 silly idealTree │ ├── dot-case@1.1.2
41 silly idealTree │ ├── he@1.0.0
41 silly idealTree │ ├── html-minifier@1.5.0
41 silly idealTree │ ├── param-case@1.1.2
41 silly idealTree │ ├── pascal-case@1.1.2
41 silly idealTree │ ├── path-case@1.1.2
41 silly idealTree │ ├── sentence-case@1.1.3
41 silly idealTree │ ├── snake-case@1.1.2
41 silly idealTree │ └── title-case@1.1.2
41 silly idealTree ├── html-minifier@2.1.7
41 silly idealTree ├─┬ html-webpack-plugin@2.22.0
41 silly idealTree │ └── lodash@4.14.0
41 silly idealTree ├─┬ htmlparser2@3.3.0
41 silly idealTree │ ├── domutils@1.1.6
41 silly idealTree │ ├── isarray@0.0.1
41 silly idealTree │ └── readable-stream@1.0.34
41 silly idealTree ├── http-browserify@1.7.0
41 silly idealTree ├── http-errors@1.5.0
41 silly idealTree ├── http-proxy@1.14.0
41 silly idealTree ├── http-signature@1.1.1
41 silly idealTree ├── https-browserify@0.0.0
41 silly idealTree ├── iconv-lite@0.4.13
41 silly idealTree ├── icss-replace-symbols@1.0.2
41 silly idealTree ├── ieee754@1.1.6
41 silly idealTree ├── immutable@3.8.1
41 silly idealTree ├── in-publish@2.0.0
41 silly idealTree ├── indent-string@2.1.0
41 silly idealTree ├── indexes-of@1.0.1
41 silly idealTree ├── indexof@0.0.1
41 silly idealTree ├── inflight@1.0.5
41 silly idealTree ├── inherits@2.0.1
41 silly idealTree ├── interpret@0.6.6
41 silly idealTree ├── invariant@2.2.1
41 silly idealTree ├── invert-kv@1.0.0
41 silly idealTree ├── ipaddr.js@1.1.1
41 silly idealTree ├── is-absolute-url@2.0.0
41 silly idealTree ├── is-arrayish@0.2.1
41 silly idealTree ├── is-binary-path@1.0.1
41 silly idealTree ├── is-buffer@1.1.3
41 silly idealTree ├── is-builtin-module@1.0.0
41 silly idealTree ├── is-dotfile@1.0.2
41 silly idealTree ├── is-equal-shallow@0.1.3
41 silly idealTree ├── is-extendable@0.1.1
41 silly idealTree ├── is-extglob@1.0.0
41 silly idealTree ├── is-finite@1.0.1
41 silly idealTree ├── is-fullwidth-code-point@1.0.0
41 silly idealTree ├── is-glob@2.0.1
41 silly idealTree ├── is-lower-case@1.1.3
41 silly idealTree ├── is-my-json-valid@2.13.1
41 silly idealTree ├── is-number@2.1.0
41 silly idealTree ├── is-plain-obj@1.1.0
41 silly idealTree ├── is-posix-bracket@0.1.1
41 silly idealTree ├── is-primitive@2.0.0
41 silly idealTree ├── is-property@1.0.2
41 silly idealTree ├── is-stream@1.1.0
41 silly idealTree ├── is-svg@2.0.1
41 silly idealTree ├── is-typedarray@1.0.0
41 silly idealTree ├── is-upper-case@1.1.2
41 silly idealTree ├── is-utf8@0.2.1
41 silly idealTree ├── isarray@1.0.0
41 silly idealTree ├── isexe@1.1.2
41 silly idealTree ├── isobject@2.1.0
41 silly idealTree ├── isomorphic-fetch@2.2.1
41 silly idealTree ├── isstream@0.1.2
41 silly idealTree ├── jodid25519@1.0.2
41 silly idealTree ├── jquery@3.1.0
41 silly idealTree ├── js-base64@2.1.9
41 silly idealTree ├── js-tokens@1.0.3
41 silly idealTree ├── js-yaml@3.6.1
41 silly idealTree ├── jsbn@0.1.0
41 silly idealTree ├── jsesc@0.5.0
41 silly idealTree ├── json-schema@0.2.2
41 silly idealTree ├── json-stringify-safe@5.0.1
41 silly idealTree ├── json3@3.3.2
41 silly idealTree ├── json5@0.5.0
41 silly idealTree ├── jsonpointer@2.0.0
41 silly idealTree ├── jsprim@1.3.0
41 silly idealTree ├─┬ jstransform@11.0.3
41 silly idealTree │ ├── esprima-fb@15001.1.0-dev-harmony-fb
41 silly idealTree │ ├── object-assign@2.1.1
41 silly idealTree │ └── source-map@0.4.4
41 silly idealTree ├── jsx-loader@0.13.2
41 silly idealTree ├── kind-of@3.0.3
41 silly idealTree ├── lazy-cache@1.0.4
41 silly idealTree ├── lcid@1.0.0
41 silly idealTree ├── load-json-file@1.1.0
41 silly idealTree ├── loader-utils@0.2.15
41 silly idealTree ├── lodash-es@4.14.1
41 silly idealTree ├── lodash._baseassign@3.2.0
41 silly idealTree ├── lodash._basecopy@3.0.1
41 silly idealTree ├── lodash._bindcallback@3.0.1
41 silly idealTree ├── lodash._createassigner@3.1.1
41 silly idealTree ├── lodash._createcompounder@3.0.0
41 silly idealTree ├── lodash._getnative@3.9.1
41 silly idealTree ├── lodash._isiterateecall@3.0.9
41 silly idealTree ├── lodash._root@3.0.1
41 silly idealTree ├── lodash.assign@4.1.0
41 silly idealTree ├── lodash.camelcase@3.0.1
41 silly idealTree ├── lodash.clonedeep@4.4.0
41 silly idealTree ├── lodash.deburr@3.2.0
41 silly idealTree ├─┬ lodash.defaults@3.1.2
41 silly idealTree │ └── lodash.assign@3.2.0
41 silly idealTree ├── lodash.isarguments@3.0.9
41 silly idealTree ├── lodash.isarray@3.0.4
41 silly idealTree ├── lodash.keys@3.1.2
41 silly idealTree ├── lodash.restparam@3.6.1
41 silly idealTree ├── lodash.words@3.2.0
41 silly idealTree ├── lodash@4.9.0
41 silly idealTree ├── longest@1.0.1
41 silly idealTree ├── loose-envify@1.2.0
41 silly idealTree ├── loud-rejection@1.6.0
41 silly idealTree ├── lower-case-first@1.0.2
41 silly idealTree ├── lower-case@1.1.3
41 silly idealTree ├── lru-cache@4.0.1
41 silly idealTree ├── macaddress@0.2.8
41 silly idealTree ├── map-obj@1.0.1
41 silly idealTree ├── marked@0.3.5
41 silly idealTree ├── media-typer@0.3.0
41 silly idealTree ├── memory-fs@0.3.0
41 silly idealTree ├─┬ meow@3.7.0
41 silly idealTree │ └── minimist@1.2.0
41 silly idealTree ├── merge-descriptors@1.0.1
41 silly idealTree ├── methods@1.1.2
41 silly idealTree ├── micromatch@2.3.11
41 silly idealTree ├── mime-db@1.23.0
41 silly idealTree ├── mime-types@2.1.11
41 silly idealTree ├── mime@1.3.4
41 silly idealTree ├── minimatch@3.0.2
41 silly idealTree ├── minimist@0.0.8
41 silly idealTree ├── mkdirp@0.5.1
41 silly idealTree ├── ms@0.7.1
41 silly idealTree ├── nan@2.4.0
41 silly idealTree ├── ncname@1.0.0
41 silly idealTree ├── negotiator@0.6.1
41 silly idealTree ├── no-case@2.3.0
41 silly idealTree ├── node-fetch@1.5.3
41 silly idealTree ├── node-gyp@3.4.0
41 silly idealTree ├─┬ node-libs-browser@0.5.3
41 silly idealTree │ ├── isarray@0.0.1
41 silly idealTree │ └── readable-stream@1.1.14
41 silly idealTree ├── node-sass@3.8.0
41 silly idealTree ├── node-uuid@1.4.7
41 silly idealTree ├── nopt@3.0.6
41 silly idealTree ├── normalize-package-data@2.3.5
41 silly idealTree ├── normalize-path@2.0.1
41 silly idealTree ├── normalize-range@0.1.2
41 silly idealTree ├── normalize-url@1.6.0
41 silly idealTree ├── npmlog@3.1.2
41 silly idealTree ├── nth-check@1.0.1
41 silly idealTree ├── num2fraction@1.2.2
41 silly idealTree ├── number-is-nan@1.0.0
41 silly idealTree ├── oauth-sign@0.8.2
41 silly idealTree ├── object-assign@4.1.0
41 silly idealTree ├── object-component@0.0.3
41 silly idealTree ├── object.omit@2.0.0
41 silly idealTree ├── on-finished@2.3.0
41 silly idealTree ├── on-headers@1.0.1
41 silly idealTree ├── once@1.3.3
41 silly idealTree ├── optimist@0.6.1
41 silly idealTree ├── options@0.0.6
41 silly idealTree ├─┬ original@1.0.0
41 silly idealTree │ └── url-parse@1.0.5
41 silly idealTree ├── os-browserify@0.1.2
41 silly idealTree ├── os-homedir@1.0.1
41 silly idealTree ├── os-locale@1.4.0
41 silly idealTree ├── os-tmpdir@1.0.1
41 silly idealTree ├── osenv@0.1.3
41 silly idealTree ├── pako@0.2.9
41 silly idealTree ├── param-case@2.1.0
41 silly idealTree ├── parse-glob@3.0.4
41 silly idealTree ├── parse-json@2.2.0
41 silly idealTree ├── parsejson@0.0.1
41 silly idealTree ├── parseqs@0.0.2
41 silly idealTree ├── parseuri@0.0.4
41 silly idealTree ├── parseurl@1.3.1
41 silly idealTree ├── pascal-case@2.0.0
41 silly idealTree ├── path-array@1.0.1
41 silly idealTree ├── path-browserify@0.0.0
41 silly idealTree ├── path-case@2.1.0
41 silly idealTree ├── path-exists@2.1.0
41 silly idealTree ├── path-is-absolute@1.0.0
41 silly idealTree ├── path-to-regexp@0.1.7
41 silly idealTree ├── path-type@1.1.0
41 silly idealTree ├── pbkdf2-compat@2.0.1
41 silly idealTree ├── pify@2.3.0
41 silly idealTree ├── pinkie-promise@2.0.1
41 silly idealTree ├── pinkie@2.0.4
41 silly idealTree ├── postcss-calc@5.3.0
41 silly idealTree ├── postcss-colormin@2.2.0
41 silly idealTree ├── postcss-convert-values@2.4.0
41 silly idealTree ├── postcss-discard-comments@2.0.4
41 silly idealTree ├── postcss-discard-duplicates@2.0.1
41 silly idealTree ├── postcss-discard-empty@2.1.0
41 silly idealTree ├── postcss-discard-overridden@0.1.1
41 silly idealTree ├── postcss-discard-unused@2.2.1
41 silly idealTree ├── postcss-filter-plugins@2.0.1
41 silly idealTree ├── postcss-merge-idents@2.1.6
41 silly idealTree ├── postcss-merge-longhand@2.0.1
41 silly idealTree ├── postcss-merge-rules@2.0.10
41 silly idealTree ├── postcss-message-helpers@2.0.0
41 silly idealTree ├── postcss-minify-font-values@1.0.5
41 silly idealTree ├── postcss-minify-gradients@1.0.3
41 silly idealTree ├── postcss-minify-params@1.0.4
41 silly idealTree ├── postcss-minify-selectors@2.0.5
41 silly idealTree ├── postcss-modules-extract-imports@1.0.1
41 silly idealTree ├─┬ postcss-modules-local-by-default@1.1.1
41 silly idealTree │ └── css-selector-tokenizer@0.6.0
41 silly idealTree ├─┬ postcss-modules-scope@1.0.2
41 silly idealTree │ └── css-selector-tokenizer@0.6.0
41 silly idealTree ├── postcss-modules-values@1.1.3
41 silly idealTree ├── postcss-normalize-charset@1.1.0
41 silly idealTree ├── postcss-normalize-url@3.0.7
41 silly idealTree ├── postcss-ordered-values@2.2.1
41 silly idealTree ├── postcss-reduce-idents@2.3.0
41 silly idealTree ├── postcss-reduce-initial@1.0.0
41 silly idealTree ├── postcss-reduce-transforms@1.0.3
41 silly idealTree ├── postcss-selector-parser@2.1.1
41 silly idealTree ├── postcss-svgo@2.1.4
41 silly idealTree ├── postcss-unique-selectors@2.0.2
41 silly idealTree ├── postcss-value-parser@3.3.0
41 silly idealTree ├── postcss-zindex@2.1.1
41 silly idealTree ├── postcss@5.1.1
41 silly idealTree ├── prepend-http@1.0.4
41 silly idealTree ├── preserve@0.2.0
41 silly idealTree ├── pretty-error@2.0.0
41 silly idealTree ├── private@0.1.6
41 silly idealTree ├── process-nextick-args@1.0.7
41 silly idealTree ├── process@0.11.6
41 silly idealTree ├── promise@7.1.1
41 silly idealTree ├── proxy-addr@1.1.2
41 silly idealTree ├── prr@0.0.0
41 silly idealTree ├── pseudomap@1.0.2
41 silly idealTree ├── punycode@1.4.1
41 silly idealTree ├── q@1.4.1
41 silly idealTree ├── qs@6.2.0
41 silly idealTree ├── query-string@4.2.2
41 silly idealTree ├── querystring-es3@0.2.1
41 silly idealTree ├── querystring@0.2.0
41 silly idealTree ├── querystringify@0.0.3
41 silly idealTree ├── randomatic@1.1.5
41 silly idealTree ├── range-parser@1.2.0
41 silly idealTree ├── react-dom@15.2.1
41 silly idealTree ├── react-redux@4.4.5
41 silly idealTree ├── react@15.2.1
41 silly idealTree ├── read-pkg-up@1.0.1
41 silly idealTree ├── read-pkg@1.1.0
41 silly idealTree ├── readable-stream@2.1.4
41 silly idealTree ├── readdirp@2.1.0
41 silly idealTree ├─┬ recast@0.9.18
41 silly idealTree │ ├── esprima-fb@10001.1.0-dev-harmony-fb
41 silly idealTree │ └── source-map@0.1.43
41 silly idealTree ├── redent@1.0.0
41 silly idealTree ├─┬ reduce-css-calc@1.2.4
41 silly idealTree │ └── balanced-match@0.1.0
41 silly idealTree ├─┬ reduce-function-call@1.0.1
41 silly idealTree │ └── balanced-match@0.1.0
41 silly idealTree ├── redux-devtools-instrument@1.1.1
41 silly idealTree ├── redux-devtools@3.3.1
41 silly idealTree ├── redux@3.5.2
41 silly idealTree ├── regenerate@1.3.1
41 silly idealTree ├── regex-cache@0.4.3
41 silly idealTree ├── regexpu-core@1.0.0
41 silly idealTree ├── regjsgen@0.2.0
41 silly idealTree ├── regjsparser@0.1.5
41 silly idealTree ├── relateurl@0.2.7
41 silly idealTree ├─┬ renderkid@2.0.0
41 silly idealTree │ └── utila@0.3.3
41 silly idealTree ├── repeat-element@1.1.2
41 silly idealTree ├── repeat-string@1.5.4
41 silly idealTree ├── repeating@2.0.1
41 silly idealTree ├── request@2.74.0
41 silly idealTree ├── require-directory@2.1.1
41 silly idealTree ├── require-main-filename@1.0.1
41 silly idealTree ├── requires-port@1.0.0
41 silly idealTree ├─┬ resolve-url-loader@1.6.0
41 silly idealTree │ └── source-map@0.1.43
41 silly idealTree ├── resolve-url@0.2.1
41 silly idealTree ├── resolve@1.1.7
41 silly idealTree ├── rework-visit@1.0.0
41 silly idealTree ├─┬ rework@1.0.1
41 silly idealTree │ └── convert-source-map@0.3.5
41 silly idealTree ├── right-align@0.1.3
41 silly idealTree ├── rimraf@2.5.4
41 silly idealTree ├── ripemd160@0.2.0
41 silly idealTree ├─┬ sass-graph@2.1.2
41 silly idealTree │ ├── cliui@3.2.0
41 silly idealTree │ ├── window-size@0.2.0
41 silly idealTree │ └── yargs@4.8.1
41 silly idealTree ├── sass-loader@4.0.0
41 silly idealTree ├── sax@1.2.1
41 silly idealTree ├── semver@5.3.0
41 silly idealTree ├── send@0.14.1
41 silly idealTree ├── sentence-case@2.1.0
41 silly idealTree ├── serve-index@1.8.0
41 silly idealTree ├── serve-static@1.11.1
41 silly idealTree ├── set-blocking@2.0.0
41 silly idealTree ├── set-immediate-shim@1.0.1
41 silly idealTree ├── setprototypeof@1.0.1
41 silly idealTree ├── sha.js@2.2.6
41 silly idealTree ├── signal-exit@3.0.0
41 silly idealTree ├── slm-loader@0.2.1
41 silly idealTree ├── slm-markdown@1.0.0
41 silly idealTree ├── slm@0.5.1
41 silly idealTree ├── snake-case@2.1.0
41 silly idealTree ├── sntp@1.0.9
41 silly idealTree ├─┬ socket.io-adapter@0.4.0
41 silly idealTree │ ├── isarray@0.0.1
41 silly idealTree │ ├── json3@3.2.6
41 silly idealTree │ └─┬ socket.io-parser@2.2.2
41 silly idealTree │   └── debug@0.7.4
41 silly idealTree ├─┬ socket.io-client@1.4.8
41 silly idealTree │ └── component-emitter@1.2.0
41 silly idealTree ├─┬ socket.io-parser@2.2.6
41 silly idealTree │ └── isarray@0.0.1
41 silly idealTree ├── socket.io@1.4.8
41 silly idealTree ├─┬ sockjs-client@1.1.1
41 silly idealTree │ └── faye-websocket@0.11.0
41 silly idealTree ├── sockjs@0.3.17
41 silly idealTree ├── sort-keys@1.1.2
41 silly idealTree ├── source-list-map@0.1.6
41 silly idealTree ├── source-map-resolve@0.3.1
41 silly idealTree ├── source-map-url@0.3.0
41 silly idealTree ├── source-map@0.5.6
41 silly idealTree ├── spdx-correct@1.0.2
41 silly idealTree ├── spdx-exceptions@1.0.5
41 silly idealTree ├── spdx-expression-parse@1.0.2
41 silly idealTree ├── spdx-license-ids@1.2.2
41 silly idealTree ├── sprintf-js@1.0.3
41 silly idealTree ├─┬ sshpk@1.9.1
41 silly idealTree │ └── assert-plus@1.0.0
41 silly idealTree ├── statuses@1.3.0
41 silly idealTree ├─┬ stream-browserify@1.0.0
41 silly idealTree │ ├── isarray@0.0.1
41 silly idealTree │ └── readable-stream@1.1.14
41 silly idealTree ├── stream-cache@0.0.2
41 silly idealTree ├── strict-uri-encode@1.1.0
41 silly idealTree ├── string_decoder@0.10.31
41 silly idealTree ├── string-width@1.0.1
41 silly idealTree ├── stringstream@0.0.5
41 silly idealTree ├── strip-ansi@3.0.1
41 silly idealTree ├── strip-bom@2.0.0
41 silly idealTree ├── strip-indent@1.0.1
41 silly idealTree ├── strip-json-comments@1.0.4
41 silly idealTree ├── style-loader@0.13.1
41 silly idealTree ├── supports-color@3.1.2
41 silly idealTree ├── svgo@0.6.6
41 silly idealTree ├── swap-case@1.1.2
41 silly idealTree ├── symbol-observable@0.2.4
41 silly idealTree ├── tapable@0.1.10
41 silly idealTree ├── tar@2.2.1
41 silly idealTree ├── through@2.3.8
41 silly idealTree ├── timers-browserify@1.4.2
41 silly idealTree ├── title-case@2.1.0
41 silly idealTree ├── to-array@0.1.4
41 silly idealTree ├── toposort@1.0.0
41 silly idealTree ├── tough-cookie@2.3.1
41 silly idealTree ├── trim-newlines@1.0.0
41 silly idealTree ├── tty-browserify@0.0.0
41 silly idealTree ├── tunnel-agent@0.4.3
41 silly idealTree ├── tweetnacl@0.13.3
41 silly idealTree ├── type-is@1.6.13
41 silly idealTree ├── typedarray@0.0.6
41 silly idealTree ├── ua-parser-js@0.7.10
41 silly idealTree ├─┬ uglify-js@2.6.4
41 silly idealTree │ └── async@0.2.10
41 silly idealTree ├── uglify-to-browserify@1.0.2
41 silly idealTree ├── ultron@1.0.2
41 silly idealTree ├── uniq@1.0.1
41 silly idealTree ├── uniqid@3.1.0
41 silly idealTree ├── uniqs@2.0.0
41 silly idealTree ├── unpipe@1.0.0
41 silly idealTree ├── upper-case-first@1.1.2
41 silly idealTree ├── upper-case@1.1.3
41 silly idealTree ├── urix@0.1.0
41 silly idealTree ├─┬ url-loader@0.5.7
41 silly idealTree │ └── mime@1.2.11
41 silly idealTree ├── url-parse@1.1.1
41 silly idealTree ├─┬ url@0.10.3
41 silly idealTree │ └── punycode@1.3.2
41 silly idealTree ├── utf8@2.1.0
41 silly idealTree ├── util-deprecate@1.0.2
41 silly idealTree ├── util@0.10.3
41 silly idealTree ├── utila@0.4.0
41 silly idealTree ├── utils-merge@1.0.0
41 silly idealTree ├── uuid@2.0.2
41 silly idealTree ├── validate-npm-package-license@3.0.1
41 silly idealTree ├── vary@1.1.0
41 silly idealTree ├── vendors@1.0.0
41 silly idealTree ├── verror@1.3.6
41 silly idealTree ├── vm-browserify@0.0.4
41 silly idealTree ├─┬ watchpack@0.2.9
41 silly idealTree │ └── async@0.9.2
41 silly idealTree ├─┬ webpack-core@0.6.8
41 silly idealTree │ └── source-map@0.4.4
41 silly idealTree ├── webpack-dev-middleware@1.6.1
41 silly idealTree ├── webpack-dev-server@1.14.1
41 silly idealTree ├── webpack@1.13.1
41 silly idealTree ├── websocket-driver@0.6.5
41 silly idealTree ├── websocket-extensions@0.1.1
41 silly idealTree ├── whatwg-fetch@1.0.0
41 silly idealTree ├── whet.extend@0.9.9
41 silly idealTree ├── which-module@1.0.0
41 silly idealTree ├── which@1.2.10
41 silly idealTree ├── wide-align@1.1.0
41 silly idealTree ├── window-size@0.1.0
41 silly idealTree ├── wordwrap@0.0.3
41 silly idealTree ├── wrap-ansi@2.0.0
41 silly idealTree ├── wrappy@1.0.2
41 silly idealTree ├── ws@1.1.0
41 silly idealTree ├── xml-char-classes@1.0.0
41 silly idealTree ├── xmlhttprequest-ssl@1.5.1
41 silly idealTree ├── xtend@4.0.1
41 silly idealTree ├── y18n@3.2.1
41 silly idealTree ├── yallist@2.0.0
41 silly idealTree ├─┬ yargs-parser@2.4.1
41 silly idealTree │ └── camelcase@3.0.0
41 silly idealTree ├── yargs@3.10.0
41 silly idealTree └── yeast@0.1.2
42 silly generateActionsToTake Starting
43 silly install generateActionsToTake
44 silly generateActionsToTake Finishing
45 silly diffTrees action count 0
46 silly decomposeActions action count 0
47 silly executeActions Starting
48 silly install executeActions
49 silly doSerial global-install 0
50 silly doParallel fetch 0
51 verbose correctMkdir /home/blee/.npm/_locks correctMkdir not in flight; initializing
52 verbose lock using /home/blee/.npm/_locks/staging-362ad62eac511c55.lock for /home/blee/perdoco/node_modules/.staging
53 silly doParallel extract 0
54 silly doParallel preinstall 0
55 silly doReverseSerial remove 0
56 silly doSerial move 0
57 silly doSerial finalize 0
58 silly doSerial build 0
59 silly doSerial global-link 0
60 silly doParallel update-linked 0
61 silly doSerial install 0
62 silly doSerial postinstall 0
63 verbose unlock done using /home/blee/.npm/_locks/staging-362ad62eac511c55.lock for /home/blee/perdoco/node_modules/.staging
64 silly executeActions Finishing
65 silly rollbackFailedOptional Starting
66 silly rollbackFailedOptional Finishing
67 silly runTopLevelLifecycles Starting
68 silly install runTopLevelLifecycles
69 silly preinstall Perdoco@ /home/blee/perdoco/Perdoco-86d96ff9
70 info lifecycle Perdoco@~preinstall: Perdoco@
71 silly lifecycle Perdoco@~preinstall: no script for preinstall, continuing
72 silly build Perdoco@
73 info linkStuff Perdoco@
74 silly linkStuff Perdoco@ has /home/blee as its parent node_modules
75 verbose linkBins Perdoco@
76 verbose linkMans Perdoco@
77 silly install Perdoco@ /home/blee/perdoco/Perdoco-86d96ff9
78 info lifecycle Perdoco@~install: Perdoco@
79 verbose lifecycle Perdoco@~install: unsafe-perm in lifecycle true
80 verbose lifecycle Perdoco@~install: PATH: /usr/lib/node_modules/npm/bin/node-gyp-bin:/home/blee/perdoco/node_modules/.bin:/usr/bin:/usr/lib64/qt-3.3/bin:/home/blee/.rvm/gems/ruby-2.2.4/bin:/home/blee/.rvm/gems/ruby-2.2.4@global/bin:/home/blee/.rvm/rubies/ruby-2.2.4/bin:/usr/local/bin:/usr/local/sbin:/usr/bin:/usr/sbin:/bin:/sbin:/home/blee/.rvm/bin:/home/blee/.rvm/bin:/home/blee/.local/bin:/home/blee/bin:/home/blee/.rvm/bin:/home/blee/.local/bin:/home/blee/bin
81 verbose lifecycle Perdoco@~install: CWD: /home/blee/perdoco
82 silly lifecycle Perdoco@~install: Args: [ '-c', 'webpack --colors --progress --watch' ]
83 silly lifecycle Perdoco@~install: Returned: code: 1  signal: null
84 info lifecycle Perdoco@~install: Failed to exec install script
85 warn optional Skipping failed optional dependency /chokidar/fsevents:
86 warn notsup Not compatible with your operating system or architecture: fsevents@1.0.14
87 warn Perdoco@ No repository field.
88 verbose stack Error: Perdoco@ install: `webpack --colors --progress --watch`
88 verbose stack Exit status 1
88 verbose stack     at EventEmitter.<anonymous> (/usr/lib/node_modules/npm/lib/utils/lifecycle.js:242:16)
88 verbose stack     at emitTwo (events.js:87:13)
88 verbose stack     at EventEmitter.emit (events.js:172:7)
88 verbose stack     at ChildProcess.<anonymous> (/usr/lib/node_modules/npm/lib/utils/spawn.js:40:14)
88 verbose stack     at emitTwo (events.js:87:13)
88 verbose stack     at ChildProcess.emit (events.js:172:7)
88 verbose stack     at maybeClose (internal/child_process.js:827:16)
88 verbose stack     at Process.ChildProcess._handle.onexit (internal/child_process.js:211:5)
89 verbose pkgid Perdoco@
90 verbose cwd /home/blee/perdoco
91 error Linux 3.10.0-327.22.2.el7.x86_64
92 error argv "/usr/bin/node" "/usr/bin/npm" "install"
93 error node v4.4.7
94 error npm  v3.10.5
95 error code ELIFECYCLE
96 error Perdoco@ install: `webpack --colors --progress --watch`
96 error Exit status 1
97 error Failed at the Perdoco@ install script 'webpack --colors --progress --watch'.
97 error Make sure you have the latest version of node.js and npm installed.
97 error If you do, this is most likely a problem with the Perdoco package,
97 error not with npm itself.
97 error Tell the author that this fails on your system:
97 error     webpack --colors --progress --watch
97 error You can get information on how to open an issue for this project with:
97 error     npm bugs Perdoco
97 error Or if that isn't available, you can get their info via:
97 error     npm owner ls Perdoco
97 error There is likely additional logging output above.
98 verbose exit [ 1, true ]
